INFO: [VRFC 10-2263] Analyzing SystemVerilog file "C:/Users/samum/Comp541/Lab2b/Lab2b.srcs/sources_1/new/ALU.sv" into library xil_defaultlib
INFO: [VRFC 10-311] analyzing module ALU
INFO: [VRFC 10-2263] Analyzing SystemVerilog file "C:/Users/samum/Comp541/Lab2b/Lab2b.srcs/sources_1/imports/new/add_sub_8bit.sv" into library xil_defaultlib
INFO: [VRFC 10-311] analyzing module addsub
INFO: [VRFC 10-2263] Analyzing SystemVerilog file "C:/Users/samum/Comp541/Lab2b/Lab2b.srcs/sources_1/new/adder.sv" into library xil_defaultlib
INFO: [VRFC 10-311] analyzing module adder
INFO: [VRFC 10-2263] Analyzing SystemVerilog file "C:/Users/samum/Comp541/Lab2b/Lab2b.srcs/sources_1/new/fulladder.sv" into library xil_defaultlib
INFO: [VRFC 10-311] analyzing module fulladder
INFO: [VRFC 10-2263] Analyzing SystemVerilog file "C:/Users/samum/Comp541/Lab2b/Lab2b.srcs/sources_1/new/logical.sv" into library xil_defaultlib
INFO: [VRFC 10-311] analyzing module logical
INFO: [VRFC 10-2263] Analyzing SystemVerilog file "C:/Users/samum/Comp541/Lab2b/Lab2b.srcs/sources_1/new/shifter.sv" into library xil_defaultlib
INFO: [VRFC 10-311] analyzing module shifter
INFO: [VRFC 10-2263] Analyzing SystemVerilog file "C:/Users/samum/Comp541/Lab2b/Lab2b.srcs/sim_2/new/part3tester.sv" into library xil_defaultlib
INFO: [VRFC 10-311] analyzing module Lab3_Part3_test
WARNING: [VRFC 10-8361] illegal leading underscore character in based number '_10' [C:/Users/samum/Comp541/Lab2b/Lab2b.srcs/sim_2/new/part3tester.sv:51]
WARNING: [VRFC 10-8361] illegal leading underscore character in based number '_100' [C:/Users/samum/Comp541/Lab2b/Lab2b.srcs/sim_2/new/part3tester.sv:52]
WARNING: [VRFC 10-8361] illegal leading underscore character in based number '_10' [C:/Users/samum/Comp541/Lab2b/Lab2b.srcs/sim_2/new/part3tester.sv:53]
WARNING: [VRFC 10-8361] illegal leading underscore character in based number '_1' [C:/Users/samum/Comp541/Lab2b/Lab2b.srcs/sim_2/new/part3tester.sv:54]
WARNING: [VRFC 10-8361] illegal leading underscore character in based number '_2' [C:/Users/samum/Comp541/Lab2b/Lab2b.srcs/sim_2/new/part3tester.sv:55]
WARNING: [VRFC 10-8361] illegal leading underscore character in based number '_2' [C:/Users/samum/Comp541/Lab2b/Lab2b.srcs/sim_2/new/part3tester.sv:56]
WARNING: [VRFC 10-8361] illegal leading underscore character in based number '_1' [C:/Users/samum/Comp541/Lab2b/Lab2b.srcs/sim_2/new/part3tester.sv:57]
